TN:
SF:frontend/javascript/auth.js
FN:84,(anonymous_0)
FN:93,(anonymous_1)
FN:104,(anonymous_2)
FN:117,(anonymous_3)
FN:133,(anonymous_4)
FN:144,(anonymous_5)
FN:168,(anonymous_6)
FN:193,(anonymous_7)
FN:201,(anonymous_8)
FN:208,(anonymous_9)
FN:215,(anonymous_10)
FN:223,(anonymous_11)
FN:234,(anonymous_12)
FN:245,(anonymous_13)
FN:262,(anonymous_14)
FN:271,(anonymous_15)
FN:278,(anonymous_16)
FN:308,(anonymous_17)
FN:334,(anonymous_18)
FN:342,(anonymous_19)
FN:358,updateUserUI
FN:365,(anonymous_21)
FN:374,(anonymous_22)
FN:379,(anonymous_23)
FN:384,(anonymous_24)
FN:389,(anonymous_25)
FN:399,(anonymous_26)
FN:400,(anonymous_27)
FN:412,getInitials
FN:414,(anonymous_29)
FN:420,protectPage
FN:429,(anonymous_31)
FNF:32
FNH:16
FNDA:23,(anonymous_0)
FNDA:23,(anonymous_1)
FNDA:24,(anonymous_2)
FNDA:5,(anonymous_3)
FNDA:1,(anonymous_4)
FNDA:2,(anonymous_5)
FNDA:3,(anonymous_6)
FNDA:0,(anonymous_7)
FNDA:22,(anonymous_8)
FNDA:3,(anonymous_9)
FNDA:22,(anonymous_10)
FNDA:6,(anonymous_11)
FNDA:10,(anonymous_12)
FNDA:3,(anonymous_13)
FNDA:4,(anonymous_14)
FNDA:1,(anonymous_15)
FNDA:0,(anonymous_16)
FNDA:0,(anonymous_17)
FNDA:1,(anonymous_18)
FNDA:0,(anonymous_19)
FNDA:0,updateUserUI
FNDA:0,(anonymous_21)
FNDA:0,(anonymous_22)
FNDA:0,(anonymous_23)
FNDA:0,(anonymous_24)
FNDA:0,(anonymous_25)
FNDA:0,(anonymous_26)
FNDA:0,(anonymous_27)
FNDA:0,getInitials
FNDA:0,(anonymous_29)
FNDA:0,protectPage
FNDA:0,(anonymous_31)
DA:6,1
DA:12,1
DA:19,1
DA:62,1
DA:73,1
DA:85,23
DA:86,23
DA:87,23
DA:94,23
DA:95,23
DA:96,1
DA:97,1
DA:105,24
DA:106,24
DA:107,24
DA:109,0
DA:110,0
DA:118,5
DA:119,5
DA:120,5
DA:121,0
DA:123,5
DA:124,5
DA:126,0
DA:134,1
DA:135,1
DA:136,1
DA:137,1
DA:138,1
DA:145,2
DA:146,2
DA:152,2
DA:154,2
DA:155,1
DA:158,1
DA:160,0
DA:161,0
DA:169,3
DA:170,3
DA:176,2
DA:178,2
DA:179,1
DA:182,1
DA:183,1
DA:185,1
DA:186,1
DA:194,0
DA:195,0
DA:202,22
DA:209,3
DA:216,22
DA:217,22
DA:224,6
DA:225,6
DA:226,4
DA:228,2
DA:235,10
DA:236,10
DA:237,0
DA:239,10
DA:246,3
DA:247,1
DA:248,1
DA:251,2
DA:252,1
DA:253,1
DA:256,1
DA:263,4
DA:264,4
DA:265,4
DA:272,1
DA:279,0
DA:280,0
DA:286,0
DA:288,0
DA:289,0
DA:293,0
DA:294,0
DA:295,0
DA:298,0
DA:300,0
DA:301,0
DA:309,0
DA:311,0
DA:312,0
DA:318,0
DA:319,0
DA:323,0
DA:324,0
DA:326,0
DA:327,0
DA:335,1
DA:336,1
DA:343,0
DA:344,0
DA:347,0
DA:359,0
DA:360,0
DA:362,0
DA:365,0
DA:366,0
DA:367,0
DA:368,0
DA:369,0
DA:374,0
DA:375,0
DA:379,0
DA:380,0
DA:384,0
DA:385,0
DA:389,0
DA:390,0
DA:391,0
DA:392,0
DA:394,0
DA:399,0
DA:400,0
DA:401,0
DA:402,0
DA:404,0
DA:413,0
DA:414,0
DA:421,0
DA:422,0
DA:429,1
DA:430,0
DA:437,1
DA:438,1
LF:128
LH:67
BRDA:95,0,0,1
BRDA:95,0,1,22
BRDA:107,1,0,1
BRDA:107,1,1,23
BRDA:117,2,0,4
BRDA:120,3,0,0
BRDA:120,3,1,5
BRDA:154,4,0,1
BRDA:154,4,1,1
BRDA:155,5,0,1
BRDA:155,5,1,0
BRDA:168,6,0,3
BRDA:178,7,0,1
BRDA:178,7,1,1
BRDA:179,8,0,1
BRDA:179,8,1,0
BRDA:202,9,0,22
BRDA:202,9,1,0
BRDA:209,10,0,3
BRDA:209,10,1,1
BRDA:217,11,0,22
BRDA:217,11,1,0
BRDA:225,12,0,4
BRDA:225,12,1,2
BRDA:236,13,0,0
BRDA:236,13,1,10
BRDA:236,14,0,10
BRDA:236,14,1,10
BRDA:245,15,0,0
BRDA:246,16,0,1
BRDA:246,16,1,2
BRDA:251,17,0,1
BRDA:251,17,1,1
BRDA:251,18,0,2
BRDA:251,18,1,2
BRDA:264,19,0,4
BRDA:264,19,1,0
BRDA:288,20,0,0
BRDA:288,20,1,0
BRDA:289,21,0,0
BRDA:289,21,1,0
BRDA:293,22,0,0
BRDA:293,22,1,0
BRDA:293,23,0,0
BRDA:293,23,1,0
BRDA:318,24,0,0
BRDA:318,24,1,0
BRDA:336,25,0,1
BRDA:336,25,1,0
BRDA:344,26,0,0
BRDA:344,26,1,0
BRDA:362,27,0,0
BRDA:362,27,1,0
BRDA:366,28,0,0
BRDA:366,28,1,0
BRDA:367,29,0,0
BRDA:367,29,1,0
BRDA:368,30,0,0
BRDA:368,30,1,0
BRDA:368,31,0,0
BRDA:368,31,1,0
BRDA:391,32,0,0
BRDA:391,32,1,0
BRDA:401,33,0,0
BRDA:401,33,1,0
BRDA:413,34,0,0
BRDA:413,34,1,0
BRDA:437,35,0,1
BRDA:437,35,1,0
BRDA:437,36,0,1
BRDA:437,36,1,1
BRF:71
BRH:33
end_of_record
TN:
SF:frontend/javascript/payment.js
FN:54,(anonymous_0)
FN:66,(anonymous_1)
FN:116,(anonymous_2)
FN:168,(anonymous_3)
FN:206,(anonymous_4)
FN:251,(anonymous_5)
FN:294,(anonymous_6)
FN:324,(anonymous_7)
FN:366,(anonymous_8)
FN:451,(anonymous_9)
FN:470,(anonymous_10)
FN:482,(anonymous_11)
FN:505,(anonymous_12)
FN:524,(anonymous_13)
FN:536,(anonymous_14)
FN:548,(anonymous_15)
FN:568,formatAmount
FN:578,getPaymentMethodLabel
FN:585,getPaymentStatusBadge
FN:601,showPaymentForm
FN:655,initializePaymentEvents
FN:659,(anonymous_21)
FN:660,(anonymous_22)
FN:661,(anonymous_23)
FN:670,(anonymous_24)
FNF:25
FNH:13
FNDA:12,(anonymous_0)
FNDA:4,(anonymous_1)
FNDA:2,(anonymous_2)
FNDA:1,(anonymous_3)
FNDA:2,(anonymous_4)
FNDA:1,(anonymous_5)
FNDA:1,(anonymous_6)
FNDA:1,(anonymous_7)
FNDA:1,(anonymous_8)
FNDA:1,(anonymous_9)
FNDA:0,(anonymous_10)
FNDA:0,(anonymous_11)
FNDA:0,(anonymous_12)
FNDA:0,(anonymous_13)
FNDA:0,(anonymous_14)
FNDA:0,(anonymous_15)
FNDA:3,formatAmount
FNDA:2,getPaymentMethodLabel
FNDA:4,getPaymentStatusBadge
FNDA:0,showPaymentForm
FNDA:0,initializePaymentEvents
FNDA:0,(anonymous_21)
FNDA:0,(anonymous_22)
FNDA:0,(anonymous_23)
FNDA:0,(anonymous_24)
DA:6,1
DA:12,1
DA:23,1
DA:31,1
DA:39,1
DA:55,12
DA:56,12
DA:67,4
DA:69,4
DA:71,4
DA:96,4
DA:98,3
DA:99,1
DA:100,1
DA:103,2
DA:105,1
DA:106,1
DA:117,2
DA:118,2
DA:123,2
DA:124,1
DA:128,2
DA:129,1
DA:137,2
DA:148,2
DA:150,2
DA:151,0
DA:154,2
DA:156,0
DA:157,0
DA:169,1
DA:170,1
DA:186,1
DA:188,1
DA:189,0
DA:192,1
DA:194,0
DA:195,0
DA:207,2
DA:208,2
DA:210,2
DA:231,2
DA:233,2
DA:234,0
DA:237,2
DA:239,0
DA:240,0
DA:252,1
DA:253,1
DA:255,1
DA:276,1
DA:278,1
DA:279,0
DA:282,1
DA:284,0
DA:285,0
DA:295,1
DA:296,1
DA:303,1
DA:305,1
DA:306,0
DA:309,1
DA:311,0
DA:312,0
DA:325,1
DA:326,1
DA:328,1
DA:346,1
DA:348,1
DA:349,0
DA:352,1
DA:354,0
DA:355,0
DA:367,1
DA:368,1
DA:369,1
DA:372,1
DA:373,1
DA:374,1
DA:376,1
DA:384,1
DA:386,1
DA:389,0
DA:390,0
DA:391,0
DA:393,0
DA:401,0
DA:403,0
DA:407,0
DA:408,0
DA:411,0
DA:412,0
DA:416,0
DA:418,0
DA:424,0
DA:425,0
DA:427,0
DA:437,0
DA:438,0
DA:442,0
DA:445,0
DA:452,1
DA:453,1
DA:459,1
DA:460,1
DA:462,0
DA:463,0
DA:471,0
DA:472,0
DA:476,0
DA:483,0
DA:484,0
DA:486,0
DA:488,0
DA:489,0
DA:491,0
DA:492,0
DA:494,0
DA:495,0
DA:498,0
DA:499,0
DA:501,0
DA:506,0
DA:507,0
DA:508,0
DA:511,0
DA:521,0
DA:525,0
DA:527,0
DA:533,0
DA:537,0
DA:539,0
DA:545,0
DA:549,0
DA:551,0
DA:557,0
DA:569,3
DA:579,2
DA:586,4
DA:595,4
DA:602,0
DA:649,0
DA:656,0
DA:659,0
DA:660,0
DA:661,0
DA:662,0
DA:664,0
DA:665,0
DA:670,0
DA:671,0
DA:673,0
DA:674,0
DA:675,0
DA:678,0
DA:681,0
DA:682,0
DA:689,0
DA:690,0
DA:692,0
DA:696,0
DA:697,0
DA:698,0
DA:699,0
DA:701,0
DA:709,0
DA:714,0
DA:716,0
DA:725,1
DA:726,1
LF:170
LH:74
BRDA:66,0,0,3
BRDA:66,1,0,4
BRDA:98,2,0,1
BRDA:98,2,1,2
BRDA:100,3,0,1
BRDA:100,3,1,0
BRDA:116,4,0,1
BRDA:123,5,0,1
BRDA:123,5,1,1
BRDA:128,6,0,1
BRDA:128,6,1,1
BRDA:128,7,0,2
BRDA:128,7,1,1
BRDA:150,8,0,0
BRDA:150,8,1,2
BRDA:151,9,0,0
BRDA:151,9,1,0
BRDA:188,10,0,0
BRDA:188,10,1,1
BRDA:189,11,0,0
BRDA:189,11,1,0
BRDA:206,12,0,1
BRDA:233,13,0,0
BRDA:233,13,1,2
BRDA:234,14,0,0
BRDA:234,14,1,0
BRDA:251,15,0,1
BRDA:278,16,0,0
BRDA:278,16,1,1
BRDA:279,17,0,0
BRDA:279,17,1,0
BRDA:305,18,0,0
BRDA:305,18,1,1
BRDA:324,19,0,1
BRDA:324,20,0,1
BRDA:348,21,0,0
BRDA:348,21,1,1
BRDA:349,22,0,0
BRDA:349,22,1,0
BRDA:366,23,0,0
BRDA:367,24,0,1
BRDA:367,24,1,0
BRDA:368,25,0,1
BRDA:368,25,1,1
BRDA:369,26,0,1
BRDA:369,26,1,1
BRDA:372,27,0,1
BRDA:372,27,1,0
BRDA:374,28,0,1
BRDA:374,28,1,0
BRDA:389,29,0,0
BRDA:389,29,1,0
BRDA:391,30,0,0
BRDA:391,30,1,0
BRDA:408,31,0,0
BRDA:408,31,1,0
BRDA:411,32,0,0
BRDA:411,32,1,0
BRDA:411,33,0,0
BRDA:411,33,1,0
BRDA:416,34,0,0
BRDA:416,34,1,0
BRDA:424,35,0,0
BRDA:424,35,1,0
BRDA:432,36,0,0
BRDA:432,36,1,0
BRDA:437,37,0,0
BRDA:437,37,1,0
BRDA:486,38,0,0
BRDA:486,38,1,0
BRDA:486,38,2,0
BRDA:486,38,3,0
BRDA:486,38,4,0
BRDA:486,38,5,0
BRDA:579,39,0,2
BRDA:579,39,1,1
BRDA:595,40,0,4
BRDA:595,40,1,1
BRDA:601,41,0,0
BRDA:606,42,0,0
BRDA:606,42,1,0
BRDA:612,43,0,0
BRDA:612,43,1,0
BRDA:618,44,0,0
BRDA:618,44,1,0
BRDA:665,45,0,0
BRDA:665,45,1,0
BRDA:673,46,0,0
BRDA:673,46,1,0
BRDA:681,47,0,0
BRDA:681,47,1,0
BRDA:689,48,0,0
BRDA:689,48,1,0
BRDA:697,49,0,0
BRDA:697,49,1,0
BRDA:714,50,0,0
BRDA:714,50,1,0
BRDA:714,51,0,0
BRDA:714,51,1,0
BRDA:725,52,0,1
BRDA:725,52,1,0
BRDA:725,53,0,1
BRDA:725,53,1,1
BRF:103
BRH:36
end_of_record
